<?xml version="1.0" encoding="UTF-8"?>
<!-- Generated by org.testng.reporters.JUnitXMLReporter -->
<testsuite ignored="0" hostname="DESKTOP-LGT6DMS" failures="0" tests="6" name="Default test" time="0.087" errors="0" timestamp="2022-08-25T18:40:03 IST">
  <testcase classname="ghgh.mavannnjavaa.RestAPITest" name="deleteTwitter" time="0.009"/>
  <testcase classname="ghgh.mavannnjavaa.RestAPITest" name="postJira" time="0.001"/>
  <testcase classname="ghgh.mavannnjavaa.SeleniumsTest" name="BrowserAutomation" time="0.002"/>
  <testcase classname="ghgh.mavannnjavaa.SeleniumsTest" name="element" time="0.005"/>
  <testcase classname="ghgh.mavannnjavaa.AppinumTest" name="IOSApps" time="0.004"/>
  <testcase classname="ghgh.mavannnjavaa.AppinumTest" name="NavigationJira" time="0.003"/>
</testsuite> <!-- Default test -->
