<?xml version="1.0" encoding="UTF-8"?>
<testng-results ignored="0" total="6" passed="6" failed="0" skipped="0">
  <reporter-output>
  </reporter-output>
  <suite started-at="2022-08-25T18:40:02 IST" name="Default suite" finished-at="2022-08-25T18:40:02 IST" duration-ms="87">
    <groups>
    </groups>
    <test started-at="2022-08-25T18:40:02 IST" name="Default test" finished-at="2022-08-25T18:40:02 IST" duration-ms="87">
      <class name="ghgh.mavannnjavaa.SeleniumsTest">
        <test-method signature="BrowserAutomation()[pri:0, instance:ghgh.mavannnjavaa.SeleniumsTest@3e58a80e]" started-at="2022-08-25T18:40:02 IST" name="BrowserAutomation" finished-at="2022-08-25T18:40:02 IST" duration-ms="2" status="PASS">
          <reporter-output>
          </reporter-output>
        </test-method> <!-- BrowserAutomation -->
        <test-method signature="element()[pri:0, instance:ghgh.mavannnjavaa.SeleniumsTest@3e58a80e]" started-at="2022-08-25T18:40:02 IST" name="element" finished-at="2022-08-25T18:40:02 IST" duration-ms="5" status="PASS">
          <reporter-output>
          </reporter-output>
        </test-method> <!-- element -->
      </class> <!-- ghgh.mavannnjavaa.SeleniumsTest -->
      <class name="ghgh.mavannnjavaa.RestAPITest">
        <test-method signature="deleteTwitter()[pri:0, instance:ghgh.mavannnjavaa.RestAPITest@3ce1e309]" started-at="2022-08-25T18:40:02 IST" name="deleteTwitter" finished-at="2022-08-25T18:40:02 IST" duration-ms="9" status="PASS">
          <reporter-output>
          </reporter-output>
        </test-method> <!-- deleteTwitter -->
        <test-method signature="postJira()[pri:0, instance:ghgh.mavannnjavaa.RestAPITest@3ce1e309]" started-at="2022-08-25T18:40:02 IST" name="postJira" finished-at="2022-08-25T18:40:02 IST" duration-ms="1" status="PASS">
          <reporter-output>
          </reporter-output>
        </test-method> <!-- postJira -->
      </class> <!-- ghgh.mavannnjavaa.RestAPITest -->
      <class name="ghgh.mavannnjavaa.AppinumTest">
        <test-method signature="IOSApps()[pri:0, instance:ghgh.mavannnjavaa.AppinumTest@4fb61f4a]" started-at="2022-08-25T18:40:02 IST" name="IOSApps" finished-at="2022-08-25T18:40:02 IST" duration-ms="4" status="PASS">
          <reporter-output>
          </reporter-output>
        </test-method> <!-- IOSApps -->
        <test-method signature="NavigationJira()[pri:0, instance:ghgh.mavannnjavaa.AppinumTest@4fb61f4a]" started-at="2022-08-25T18:40:02 IST" name="NavigationJira" finished-at="2022-08-25T18:40:02 IST" duration-ms="3" status="PASS">
          <reporter-output>
          </reporter-output>
        </test-method> <!-- NavigationJira -->
      </class> <!-- ghgh.mavannnjavaa.AppinumTest -->
    </test> <!-- Default test -->
  </suite> <!-- Default suite -->
</testng-results>
